[0.491s] Invoking command in '/home/samuel/Learning_ROS/ros_ws1/src/my_py_pkg': PYTHONPATH=/home/samuel/Learning_ROS/ros_ws1/build/my_py_pkg/prefix_override:/usr/lib/python3/dist-packages/colcon_core/task/python/colcon_distutils_commands:/home/samuel/Learning_ROS/ros_ws1/install/my_py_pkg/lib/python3.10/site-packages:${PYTHONPATH} /usr/bin/python3 -W ignore:setup.py install is deprecated setup.py egg_info --egg-base ../../build/my_py_pkg build --build-base /home/samuel/Learning_ROS/ros_ws1/build/my_py_pkg/build install --record /home/samuel/Learning_ROS/ros_ws1/build/my_py_pkg/install.log --single-version-externally-managed install_data
[0.683s] running egg_info
[0.684s] writing ../../build/my_py_pkg/my_py_pkg.egg-info/PKG-INFO
[0.684s] writing dependency_links to ../../build/my_py_pkg/my_py_pkg.egg-info/dependency_links.txt
[0.684s] writing entry points to ../../build/my_py_pkg/my_py_pkg.egg-info/entry_points.txt
[0.684s] writing requirements to ../../build/my_py_pkg/my_py_pkg.egg-info/requires.txt
[0.684s] writing top-level names to ../../build/my_py_pkg/my_py_pkg.egg-info/top_level.txt
[0.686s] reading manifest file '../../build/my_py_pkg/my_py_pkg.egg-info/SOURCES.txt'
[0.686s] writing manifest file '../../build/my_py_pkg/my_py_pkg.egg-info/SOURCES.txt'
[0.686s] running build
[0.686s] running build_py
[0.687s] copying my_py_pkg/number_counter_node.py -> /home/samuel/Learning_ROS/ros_ws1/build/my_py_pkg/build/lib/my_py_pkg
[0.687s] running install
[0.687s] running install_lib
[0.688s] copying /home/samuel/Learning_ROS/ros_ws1/build/my_py_pkg/build/lib/my_py_pkg/number_counter_node.py -> /home/samuel/Learning_ROS/ros_ws1/install/my_py_pkg/lib/python3.10/site-packages/my_py_pkg
[0.688s] byte-compiling /home/samuel/Learning_ROS/ros_ws1/install/my_py_pkg/lib/python3.10/site-packages/my_py_pkg/number_counter_node.py to number_counter_node.cpython-310.pyc
[0.689s] running install_data
[0.689s] running install_egg_info
[0.690s] removing '/home/samuel/Learning_ROS/ros_ws1/install/my_py_pkg/lib/python3.10/site-packages/my_py_pkg-0.0.0-py3.10.egg-info' (and everything under it)
[0.690s] Copying ../../build/my_py_pkg/my_py_pkg.egg-info to /home/samuel/Learning_ROS/ros_ws1/install/my_py_pkg/lib/python3.10/site-packages/my_py_pkg-0.0.0-py3.10.egg-info
[0.691s] running install_scripts
[0.705s] Installing number_counter script to /home/samuel/Learning_ROS/ros_ws1/install/my_py_pkg/lib/my_py_pkg
[0.705s] Installing number_publisher script to /home/samuel/Learning_ROS/ros_ws1/install/my_py_pkg/lib/my_py_pkg
[0.705s] Installing py_node script to /home/samuel/Learning_ROS/ros_ws1/install/my_py_pkg/lib/my_py_pkg
[0.705s] Installing robot_news_station script to /home/samuel/Learning_ROS/ros_ws1/install/my_py_pkg/lib/my_py_pkg
[0.705s] Installing smartphone script to /home/samuel/Learning_ROS/ros_ws1/install/my_py_pkg/lib/my_py_pkg
[0.706s] writing list of installed files to '/home/samuel/Learning_ROS/ros_ws1/build/my_py_pkg/install.log'
[0.722s] Invoked command in '/home/samuel/Learning_ROS/ros_ws1/src/my_py_pkg' returned '0': PYTHONPATH=/home/samuel/Learning_ROS/ros_ws1/build/my_py_pkg/prefix_override:/usr/lib/python3/dist-packages/colcon_core/task/python/colcon_distutils_commands:/home/samuel/Learning_ROS/ros_ws1/install/my_py_pkg/lib/python3.10/site-packages:${PYTHONPATH} /usr/bin/python3 -W ignore:setup.py install is deprecated setup.py egg_info --egg-base ../../build/my_py_pkg build --build-base /home/samuel/Learning_ROS/ros_ws1/build/my_py_pkg/build install --record /home/samuel/Learning_ROS/ros_ws1/build/my_py_pkg/install.log --single-version-externally-managed install_data
