[0.520s] Invoking command in '/home/samuel/Learning_ROS/ros_ws1/build/my_py_pkg': PYTHONPATH=/home/samuel/Learning_ROS/ros_ws1/build/my_py_pkg/prefix_override:/usr/lib/python3/dist-packages/colcon_core/task/python/colcon_distutils_commands:/home/samuel/Learning_ROS/ros_ws1/install/my_py_pkg/lib/python3.10/site-packages:${PYTHONPATH} /usr/bin/python3 -W ignore:setup.py install is deprecated setup.py develop --editable --build-directory /home/samuel/Learning_ROS/ros_ws1/build/my_py_pkg/build --no-deps symlink_data
[0.730s] running develop
[0.858s] running egg_info
[0.858s] writing my_py_pkg.egg-info/PKG-INFO
[0.858s] writing dependency_links to my_py_pkg.egg-info/dependency_links.txt
[0.859s] writing entry points to my_py_pkg.egg-info/entry_points.txt
[0.859s] writing requirements to my_py_pkg.egg-info/requires.txt
[0.859s] writing top-level names to my_py_pkg.egg-info/top_level.txt
[0.860s] reading manifest file 'my_py_pkg.egg-info/SOURCES.txt'
[0.861s] writing manifest file 'my_py_pkg.egg-info/SOURCES.txt'
[0.862s] running build_ext
[0.862s] Creating /home/samuel/Learning_ROS/ros_ws1/install/my_py_pkg/lib/python3.10/site-packages/my-py-pkg.egg-link (link to .)
[0.863s] Installing add_two_ints_client script to /home/samuel/Learning_ROS/ros_ws1/install/my_py_pkg/lib/my_py_pkg
[0.863s] Installing add_two_ints_client_no_oop script to /home/samuel/Learning_ROS/ros_ws1/install/my_py_pkg/lib/my_py_pkg
[0.863s] Installing add_two_ints_server script to /home/samuel/Learning_ROS/ros_ws1/install/my_py_pkg/lib/my_py_pkg
[0.863s] Installing number_counter script to /home/samuel/Learning_ROS/ros_ws1/install/my_py_pkg/lib/my_py_pkg
[0.863s] Installing number_publisher script to /home/samuel/Learning_ROS/ros_ws1/install/my_py_pkg/lib/my_py_pkg
[0.863s] Installing py_node script to /home/samuel/Learning_ROS/ros_ws1/install/my_py_pkg/lib/my_py_pkg
[0.863s] Installing reset_counter_client_node script to /home/samuel/Learning_ROS/ros_ws1/install/my_py_pkg/lib/my_py_pkg
[0.863s] Installing robot_news_station script to /home/samuel/Learning_ROS/ros_ws1/install/my_py_pkg/lib/my_py_pkg
[0.864s] Installing smartphone script to /home/samuel/Learning_ROS/ros_ws1/install/my_py_pkg/lib/my_py_pkg
[0.864s] 
[0.864s] Installed /home/samuel/Learning_ROS/ros_ws1/build/my_py_pkg
[0.864s] running symlink_data
[0.884s] Invoked command in '/home/samuel/Learning_ROS/ros_ws1/build/my_py_pkg' returned '0': PYTHONPATH=/home/samuel/Learning_ROS/ros_ws1/build/my_py_pkg/prefix_override:/usr/lib/python3/dist-packages/colcon_core/task/python/colcon_distutils_commands:/home/samuel/Learning_ROS/ros_ws1/install/my_py_pkg/lib/python3.10/site-packages:${PYTHONPATH} /usr/bin/python3 -W ignore:setup.py install is deprecated setup.py develop --editable --build-directory /home/samuel/Learning_ROS/ros_ws1/build/my_py_pkg/build --no-deps symlink_data
