[0.505s] Invoking command in '/home/samuel/Learning_ROS/ros_ws1/build/my_py_pkg': PYTHONPATH=/home/samuel/Learning_ROS/ros_ws1/build/my_py_pkg/prefix_override:/usr/lib/python3/dist-packages/colcon_core/task/python/colcon_distutils_commands:/home/samuel/Learning_ROS/ros_ws1/install/my_py_pkg/lib/python3.10/site-packages:${PYTHONPATH} /usr/bin/python3 -W ignore:setup.py install is deprecated setup.py develop --editable --build-directory /home/samuel/Learning_ROS/ros_ws1/build/my_py_pkg/build --no-deps symlink_data --force
[0.710s] running develop
[0.835s] running egg_info
[0.835s] writing my_py_pkg.egg-info/PKG-INFO
[0.836s] writing dependency_links to my_py_pkg.egg-info/dependency_links.txt
[0.836s] writing entry points to my_py_pkg.egg-info/entry_points.txt
[0.836s] writing requirements to my_py_pkg.egg-info/requires.txt
[0.836s] writing top-level names to my_py_pkg.egg-info/top_level.txt
[0.837s] reading manifest file 'my_py_pkg.egg-info/SOURCES.txt'
[0.838s] writing manifest file 'my_py_pkg.egg-info/SOURCES.txt'
[0.838s] running build_ext
[0.839s] Creating /home/samuel/Learning_ROS/ros_ws1/install/my_py_pkg/lib/python3.10/site-packages/my-py-pkg.egg-link (link to .)
[0.839s] Installing add_two_ints_server script to /home/samuel/Learning_ROS/ros_ws1/install/my_py_pkg/lib/my_py_pkg
[0.839s] Installing number_counter script to /home/samuel/Learning_ROS/ros_ws1/install/my_py_pkg/lib/my_py_pkg
[0.839s] Installing number_publisher script to /home/samuel/Learning_ROS/ros_ws1/install/my_py_pkg/lib/my_py_pkg
[0.839s] Installing py_node script to /home/samuel/Learning_ROS/ros_ws1/install/my_py_pkg/lib/my_py_pkg
[0.840s] Installing robot_news_station script to /home/samuel/Learning_ROS/ros_ws1/install/my_py_pkg/lib/my_py_pkg
[0.840s] Installing smartphone script to /home/samuel/Learning_ROS/ros_ws1/install/my_py_pkg/lib/my_py_pkg
[0.840s] 
[0.840s] Installed /home/samuel/Learning_ROS/ros_ws1/build/my_py_pkg
[0.840s] running symlink_data
[0.840s] symbolically linking /home/samuel/Learning_ROS/ros_ws1/build/my_py_pkg/resource/my_py_pkg -> /home/samuel/Learning_ROS/ros_ws1/install/my_py_pkg/share/ament_index/resource_index/packages
[0.840s] symbolically linking /home/samuel/Learning_ROS/ros_ws1/build/my_py_pkg/package.xml -> /home/samuel/Learning_ROS/ros_ws1/install/my_py_pkg/share/my_py_pkg
[0.861s] Invoked command in '/home/samuel/Learning_ROS/ros_ws1/build/my_py_pkg' returned '0': PYTHONPATH=/home/samuel/Learning_ROS/ros_ws1/build/my_py_pkg/prefix_override:/usr/lib/python3/dist-packages/colcon_core/task/python/colcon_distutils_commands:/home/samuel/Learning_ROS/ros_ws1/install/my_py_pkg/lib/python3.10/site-packages:${PYTHONPATH} /usr/bin/python3 -W ignore:setup.py install is deprecated setup.py develop --editable --build-directory /home/samuel/Learning_ROS/ros_ws1/build/my_py_pkg/build --no-deps symlink_data --force
