[0.512s] Invoking command in '/home/samuel/Learning_ROS/ros_ws1/build/my_py_pkg': PYTHONPATH=/home/samuel/Learning_ROS/ros_ws1/build/my_py_pkg/prefix_override:/usr/lib/python3/dist-packages/colcon_core/task/python/colcon_distutils_commands:/home/samuel/Learning_ROS/ros_ws1/install/my_py_pkg/lib/python3.10/site-packages:${PYTHONPATH} /usr/bin/python3 -W ignore:setup.py install is deprecated setup.py develop --uninstall --editable --build-directory /home/samuel/Learning_ROS/ros_ws1/build/my_py_pkg/build
[0.719s] running develop
[0.845s] Removing /home/samuel/Learning_ROS/ros_ws1/install/my_py_pkg/lib/python3.10/site-packages/my-py-pkg.egg-link (link to .)
[0.867s] Invoked command in '/home/samuel/Learning_ROS/ros_ws1/build/my_py_pkg' returned '0': PYTHONPATH=/home/samuel/Learning_ROS/ros_ws1/build/my_py_pkg/prefix_override:/usr/lib/python3/dist-packages/colcon_core/task/python/colcon_distutils_commands:/home/samuel/Learning_ROS/ros_ws1/install/my_py_pkg/lib/python3.10/site-packages:${PYTHONPATH} /usr/bin/python3 -W ignore:setup.py install is deprecated setup.py develop --uninstall --editable --build-directory /home/samuel/Learning_ROS/ros_ws1/build/my_py_pkg/build
[0.869s] Invoking command in '/home/samuel/Learning_ROS/ros_ws1/src/my_py_pkg': PYTHONPATH=/home/samuel/Learning_ROS/ros_ws1/build/my_py_pkg/prefix_override:/usr/lib/python3/dist-packages/colcon_core/task/python/colcon_distutils_commands:/home/samuel/Learning_ROS/ros_ws1/install/my_py_pkg/lib/python3.10/site-packages:${PYTHONPATH} /usr/bin/python3 -W ignore:setup.py install is deprecated setup.py egg_info --egg-base ../../build/my_py_pkg build --build-base /home/samuel/Learning_ROS/ros_ws1/build/my_py_pkg/build install --record /home/samuel/Learning_ROS/ros_ws1/build/my_py_pkg/install.log --single-version-externally-managed install_data --force
[1.065s] running egg_info
[1.065s] writing ../../build/my_py_pkg/my_py_pkg.egg-info/PKG-INFO
[1.065s] writing dependency_links to ../../build/my_py_pkg/my_py_pkg.egg-info/dependency_links.txt
[1.066s] writing entry points to ../../build/my_py_pkg/my_py_pkg.egg-info/entry_points.txt
[1.066s] writing requirements to ../../build/my_py_pkg/my_py_pkg.egg-info/requires.txt
[1.066s] writing top-level names to ../../build/my_py_pkg/my_py_pkg.egg-info/top_level.txt
[1.067s] reading manifest file '../../build/my_py_pkg/my_py_pkg.egg-info/SOURCES.txt'
[1.068s] writing manifest file '../../build/my_py_pkg/my_py_pkg.egg-info/SOURCES.txt'
[1.068s] running build
[1.068s] running build_py
[1.068s] running install
[1.068s] running install_lib
[1.069s] creating /home/samuel/Learning_ROS/ros_ws1/install/my_py_pkg/lib/python3.10/site-packages/my_py_pkg
[1.069s] copying /home/samuel/Learning_ROS/ros_ws1/build/my_py_pkg/build/lib/my_py_pkg/smartphone.py -> /home/samuel/Learning_ROS/ros_ws1/install/my_py_pkg/lib/python3.10/site-packages/my_py_pkg
[1.069s] copying /home/samuel/Learning_ROS/ros_ws1/build/my_py_pkg/build/lib/my_py_pkg/number_publisher_node.py -> /home/samuel/Learning_ROS/ros_ws1/install/my_py_pkg/lib/python3.10/site-packages/my_py_pkg
[1.069s] copying /home/samuel/Learning_ROS/ros_ws1/build/my_py_pkg/build/lib/my_py_pkg/number_counter_node.py -> /home/samuel/Learning_ROS/ros_ws1/install/my_py_pkg/lib/python3.10/site-packages/my_py_pkg
[1.069s] copying /home/samuel/Learning_ROS/ros_ws1/build/my_py_pkg/build/lib/my_py_pkg/__init__.py -> /home/samuel/Learning_ROS/ros_ws1/install/my_py_pkg/lib/python3.10/site-packages/my_py_pkg
[1.069s] copying /home/samuel/Learning_ROS/ros_ws1/build/my_py_pkg/build/lib/my_py_pkg/my_first_node.py -> /home/samuel/Learning_ROS/ros_ws1/install/my_py_pkg/lib/python3.10/site-packages/my_py_pkg
[1.069s] copying /home/samuel/Learning_ROS/ros_ws1/build/my_py_pkg/build/lib/my_py_pkg/robot_news_station.py -> /home/samuel/Learning_ROS/ros_ws1/install/my_py_pkg/lib/python3.10/site-packages/my_py_pkg
[1.069s] copying /home/samuel/Learning_ROS/ros_ws1/build/my_py_pkg/build/lib/my_py_pkg/template_python_node.py -> /home/samuel/Learning_ROS/ros_ws1/install/my_py_pkg/lib/python3.10/site-packages/my_py_pkg
[1.070s] byte-compiling /home/samuel/Learning_ROS/ros_ws1/install/my_py_pkg/lib/python3.10/site-packages/my_py_pkg/smartphone.py to smartphone.cpython-310.pyc
[1.070s] byte-compiling /home/samuel/Learning_ROS/ros_ws1/install/my_py_pkg/lib/python3.10/site-packages/my_py_pkg/number_publisher_node.py to number_publisher_node.cpython-310.pyc
[1.070s] byte-compiling /home/samuel/Learning_ROS/ros_ws1/install/my_py_pkg/lib/python3.10/site-packages/my_py_pkg/number_counter_node.py to number_counter_node.cpython-310.pyc
[1.071s] byte-compiling /home/samuel/Learning_ROS/ros_ws1/install/my_py_pkg/lib/python3.10/site-packages/my_py_pkg/__init__.py to __init__.cpython-310.pyc
[1.071s] byte-compiling /home/samuel/Learning_ROS/ros_ws1/install/my_py_pkg/lib/python3.10/site-packages/my_py_pkg/my_first_node.py to my_first_node.cpython-310.pyc
[1.071s] byte-compiling /home/samuel/Learning_ROS/ros_ws1/install/my_py_pkg/lib/python3.10/site-packages/my_py_pkg/robot_news_station.py to robot_news_station.cpython-310.pyc
[1.071s] byte-compiling /home/samuel/Learning_ROS/ros_ws1/install/my_py_pkg/lib/python3.10/site-packages/my_py_pkg/template_python_node.py to template_python_node.cpython-310.pyc
[1.071s] running install_data
[1.072s] copying resource/my_py_pkg -> /home/samuel/Learning_ROS/ros_ws1/install/my_py_pkg/share/ament_index/resource_index/packages
[1.072s] copying package.xml -> /home/samuel/Learning_ROS/ros_ws1/install/my_py_pkg/share/my_py_pkg
[1.072s] running install_egg_info
[1.073s] Copying ../../build/my_py_pkg/my_py_pkg.egg-info to /home/samuel/Learning_ROS/ros_ws1/install/my_py_pkg/lib/python3.10/site-packages/my_py_pkg-0.0.0-py3.10.egg-info
[1.074s] running install_scripts
[1.088s] Installing number_counter script to /home/samuel/Learning_ROS/ros_ws1/install/my_py_pkg/lib/my_py_pkg
[1.088s] Installing number_publisher script to /home/samuel/Learning_ROS/ros_ws1/install/my_py_pkg/lib/my_py_pkg
[1.088s] Installing py_node script to /home/samuel/Learning_ROS/ros_ws1/install/my_py_pkg/lib/my_py_pkg
[1.089s] Installing robot_news_station script to /home/samuel/Learning_ROS/ros_ws1/install/my_py_pkg/lib/my_py_pkg
[1.089s] Installing smartphone script to /home/samuel/Learning_ROS/ros_ws1/install/my_py_pkg/lib/my_py_pkg
[1.089s] writing list of installed files to '/home/samuel/Learning_ROS/ros_ws1/build/my_py_pkg/install.log'
[1.106s] Invoked command in '/home/samuel/Learning_ROS/ros_ws1/src/my_py_pkg' returned '0': PYTHONPATH=/home/samuel/Learning_ROS/ros_ws1/build/my_py_pkg/prefix_override:/usr/lib/python3/dist-packages/colcon_core/task/python/colcon_distutils_commands:/home/samuel/Learning_ROS/ros_ws1/install/my_py_pkg/lib/python3.10/site-packages:${PYTHONPATH} /usr/bin/python3 -W ignore:setup.py install is deprecated setup.py egg_info --egg-base ../../build/my_py_pkg build --build-base /home/samuel/Learning_ROS/ros_ws1/build/my_py_pkg/build install --record /home/samuel/Learning_ROS/ros_ws1/build/my_py_pkg/install.log --single-version-externally-managed install_data --force
