[0.487s] Invoking command in '/home/samuel/Learning_ROS/ros_ws1/build/my_py_pkg': PYTHONPATH=/home/samuel/Learning_ROS/ros_ws1/build/my_py_pkg/prefix_override:/usr/lib/python3/dist-packages/colcon_core/task/python/colcon_distutils_commands:/home/samuel/Learning_ROS/ros_ws1/install/my_py_pkg/lib/python3.10/site-packages:${PYTHONPATH} /usr/bin/python3 -W ignore:setup.py install is deprecated setup.py develop --editable --build-directory /home/samuel/Learning_ROS/ros_ws1/build/my_py_pkg/build --no-deps symlink_data
[0.690s] running develop
[0.812s] running egg_info
[0.812s] writing my_py_pkg.egg-info/PKG-INFO
[0.812s] writing dependency_links to my_py_pkg.egg-info/dependency_links.txt
[0.812s] writing entry points to my_py_pkg.egg-info/entry_points.txt
[0.812s] writing requirements to my_py_pkg.egg-info/requires.txt
[0.812s] writing top-level names to my_py_pkg.egg-info/top_level.txt
[0.813s] reading manifest file 'my_py_pkg.egg-info/SOURCES.txt'
[0.814s] writing manifest file 'my_py_pkg.egg-info/SOURCES.txt'
[0.815s] running build_ext
[0.815s] Creating /home/samuel/Learning_ROS/ros_ws1/install/my_py_pkg/lib/python3.10/site-packages/my-py-pkg.egg-link (link to .)
[0.816s] Installing number_counter script to /home/samuel/Learning_ROS/ros_ws1/install/my_py_pkg/lib/my_py_pkg
[0.816s] Installing number_publisher script to /home/samuel/Learning_ROS/ros_ws1/install/my_py_pkg/lib/my_py_pkg
[0.816s] Installing py_node script to /home/samuel/Learning_ROS/ros_ws1/install/my_py_pkg/lib/my_py_pkg
[0.816s] Installing robot_news_station script to /home/samuel/Learning_ROS/ros_ws1/install/my_py_pkg/lib/my_py_pkg
[0.816s] Installing smartphone script to /home/samuel/Learning_ROS/ros_ws1/install/my_py_pkg/lib/my_py_pkg
[0.816s] 
[0.816s] Installed /home/samuel/Learning_ROS/ros_ws1/build/my_py_pkg
[0.816s] running symlink_data
[0.835s] Invoked command in '/home/samuel/Learning_ROS/ros_ws1/build/my_py_pkg' returned '0': PYTHONPATH=/home/samuel/Learning_ROS/ros_ws1/build/my_py_pkg/prefix_override:/usr/lib/python3/dist-packages/colcon_core/task/python/colcon_distutils_commands:/home/samuel/Learning_ROS/ros_ws1/install/my_py_pkg/lib/python3.10/site-packages:${PYTHONPATH} /usr/bin/python3 -W ignore:setup.py install is deprecated setup.py develop --editable --build-directory /home/samuel/Learning_ROS/ros_ws1/build/my_py_pkg/build --no-deps symlink_data
